<?xml version="1.0" encoding="UTF-8"?>
<testsuites name="DTS04 - Object properties using Keywords" time="87.481" tests="3" failures="0" errors="0">
   <testsuite name="DTS04 - Object properties using Keywords" tests="3" failures="0" errors="0" time="87.481" skipped="0" timestamp="05-07-2024T09:19:02" hostname="Lenovo - LAPTOP-7QB5JFLU" id="Test Suites/DTS04 - Object properties using Keywords">
      <properties>
[...]
</properties>
      <testcase name="Test Cases/TC26 - Open browser using Keywords" time="49.849" classname="Test Cases/TC26 - Open browser using Keywords" status="PASSED">
         <system-out><![CDATA[05-07-2024T09:19:02 - [TEST_CASE][PASSED] - Test Cases/TC26 - Open browser using Keywords: Test Cases/TC26 - Open browser using Keywords

05-07-2024T09:19:03 - [TEST_STEP][PASSED] - propertiesPage.openBrowser.main(): propertiesPage.openBrowser.main is PASSED

05-07-2024T09:19:03 - [MESSAGE][INFO] - User set preference: ['os', 'windows']

05-07-2024T09:19:03 - [MESSAGE][INFO] - User set preference: ['browserVersion', '124']

05-07-2024T09:19:03 - [MESSAGE][INFO] - User set preference: ['browserName', 'chrome']

05-07-2024T09:19:03 - [MESSAGE][INFO] - User set preference: ['katalon:option', '{organizationId=1561185, usingTunnel=true}']

05-07-2024T09:19:03 - [MESSAGE][INFO] - Connecting to remote web server 'testcloud.katalon.com/hub' with type 'Selenium'

05-07-2024T09:19:04 - [MESSAGE][INFO] - Action delay is set to 0 milliseconds

05-07-2024T09:19:46 - [MESSAGE][PASSED] - Browser is opened with url: ''

05-07-2024T09:19:52 - [MESSAGE][PASSED] - Navigate to 'https://katalon-demo-cura.herokuapp.com/' successfully

05-07-2024T09:19:52 - [MESSAGE][PASSED] - propertiesPage.openBrowser.main is PASSED]]></system-out>
         <system-err><![CDATA[]]></system-err>
      </testcase>
      <testcase name="Test Cases/TC27 - Login using Keywords" time="24.027" classname="Test Cases/TC27 - Login using Keywords" status="PASSED">
         <system-out><![CDATA[05-07-2024T09:19:52 - [TEST_CASE][PASSED] - Test Cases/TC27 - Login using Keywords: Test Cases/TC27 - Login using Keywords

05-07-2024T09:19:52 - [TEST_STEP][PASSED] - propertiesPage.loginMenu.main(): propertiesPage.loginMenu.main is PASSED

05-07-2024T09:19:56 - [MESSAGE][PASSED] - Object: 'Object Repository/1. CURA Test Object (Click, Set, Dropdown)/Make Appointment' is clicked on

05-07-2024T09:20:04 - [MESSAGE][PASSED] - Text 'John Doe' is set on object 'Object Repository/1. CURA Test Object (Click, Set, Dropdown)/Username'

05-07-2024T09:20:11 - [MESSAGE][PASSED] - Text 'ThisIsNotAPassword' is set on object 'Object Repository/1. CURA Test Object (Click, Set, Dropdown)/Password'

05-07-2024T09:20:16 - [MESSAGE][PASSED] - Object: 'Object Repository/1. CURA Test Object (Click, Set, Dropdown)/Login Button' is clicked on

05-07-2024T09:20:16 - [MESSAGE][PASSED] - propertiesPage.loginMenu.main is PASSED]]></system-out>
         <system-err><![CDATA[]]></system-err>
      </testcase>
      <testcase name="Test Cases/TC31- Logout using Keywords" time="13.253" classname="Test Cases/TC31- Logout using Keywords" status="PASSED">
         <system-out><![CDATA[05-07-2024T09:20:16 - [TEST_CASE][PASSED] - Test Cases/TC31- Logout using Keywords: Test Cases/TC31- Logout using Keywords

05-07-2024T09:20:16 - [TEST_STEP][PASSED] - propertiesPage.logoutMenu.main(): propertiesPage.logoutMenu.main is PASSED

05-07-2024T09:20:20 - [MESSAGE][PASSED] - Actual text and expected text of test object 'Object Repository/2. CURA Test Object (Verify parameter)/Make Appointment Text' are matched.

05-07-2024T09:20:24 - [MESSAGE][PASSED] - Object: 'Object Repository/1. CURA Test Object (Click, Set, Dropdown)/Menu' is clicked on

05-07-2024T09:20:28 - [MESSAGE][PASSED] - Object: 'Object Repository/1. CURA Test Object (Click, Set, Dropdown)/Logout' is clicked on

05-07-2024T09:20:30 - [MESSAGE][PASSED] - Browser is closed

05-07-2024T09:20:30 - [MESSAGE][PASSED] - propertiesPage.logoutMenu.main is PASSED]]></system-out>
         <system-err><![CDATA[]]></system-err>
      </testcase>
      <system-out><![CDATA[05-07-2024T09:19:02 - [TEST_SUITE][PASSED] - DTS04 - Object properties using Keywords: Test Cases/TC31- Logout using Keywords]]></system-out>
      <system-err><![CDATA[]]></system-err>
   </testsuite>
</testsuites>
